-- The C compiler identification is GNU 11.4.0
-- The CXX compiler identification is GNU 11.4.0
-- Detecting C compiler ABI info
-- Detecting C compiler ABI info - done
-- Check for working C compiler: /usr/bin/cc - skipped
-- Detecting C compile features
-- Detecting C compile features - done
-- Detecting CXX compiler ABI info
-- Detecting CXX compiler ABI info - done
-- Check for working CXX compiler: /usr/bin/c++ - skipped
-- Detecting CXX compile features
-- Detecting CXX compile features - done
-- Found ament_cmake: 1.3.12 (/opt/ros/humble/share/ament_cmake/cmake)
-- Found Python3: /usr/bin/python3 (found version "3.10.12") found components: Interpreter 
-- Found rclcpp: 16.0.14 (/opt/ros/humble/share/rclcpp/cmake)
-- Found rosidl_generator_c: 3.1.7 (/opt/ros/humble/share/rosidl_generator_c/cmake)
-- Found rosidl_adapter: 3.1.7 (/opt/ros/humble/share/rosidl_adapter/cmake)
-- Found rosidl_generator_cpp: 3.1.7 (/opt/ros/humble/share/rosidl_generator_cpp/cmake)
-- Using all available rosidl_typesupport_c: rosidl_typesupport_fastrtps_c;rosidl_typesupport_introspection_c
-- Using all available rosidl_typesupport_cpp: rosidl_typesupport_fastrtps_cpp;rosidl_typesupport_introspection_cpp
-- Found rmw_implementation_cmake: 6.1.2 (/opt/ros/humble/share/rmw_implementation_cmake/cmake)
-- Found rmw_fastrtps_cpp: 6.2.8 (/opt/ros/humble/share/rmw_fastrtps_cpp/cmake)
-- Found OpenSSL: /usr/lib/x86_64-linux-gnu/libcrypto.so (found version "3.0.2")  
-- Found FastRTPS: /opt/ros/humble/include  
-- Using RMW implementation 'rmw_fastrtps_cpp' as default
-- Looking for pthread.h
-- Looking for pthread.h - found
-- Performing Test CMAKE_HAVE_LIBC_PTHREAD
-- Performing Test CMAKE_HAVE_LIBC_PTHREAD - Success
-- Found Threads: TRUE  
-- Found geometry_msgs: 4.9.0 (/opt/ros/humble/share/geometry_msgs/cmake)
-- Configuring done
-- Generating done
-- Build files have been written to: /home/namqn_/git/RS1Group31/build/dummy_drone
[ 50%] [32mBuilding CXX object CMakeFiles/dummy_drone_controller.dir/src/dummy_drone_controller.cpp.o[0m
[100%] [32m[1mLinking CXX executable dummy_drone_controller[0m
[100%] Built target dummy_drone_controller
-- Install configuration: ""
-- Installing: /home/namqn_/git/RS1Group31/install/dummy_drone/lib/dummy_drone/dummy_drone_controller
-- Set runtime path of "/home/namqn_/git/RS1Group31/install/dummy_drone/lib/dummy_drone/dummy_drone_controller" to ""
-- Installing: /home/namqn_/git/RS1Group31/install/dummy_drone/share/ament_index/resource_index/package_run_dependencies/dummy_drone
-- Installing: /home/namqn_/git/RS1Group31/install/dummy_drone/share/ament_index/resource_index/parent_prefix_path/dummy_drone
-- Installing: /home/namqn_/git/RS1Group31/install/dummy_drone/share/dummy_drone/environment/ament_prefix_path.sh
-- Installing: /home/namqn_/git/RS1Group31/install/dummy_drone/share/dummy_drone/environment/ament_prefix_path.dsv
-- Installing: /home/namqn_/git/RS1Group31/install/dummy_drone/share/dummy_drone/environment/path.sh
-- Installing: /home/namqn_/git/RS1Group31/install/dummy_drone/share/dummy_drone/environment/path.dsv
-- Installing: /home/namqn_/git/RS1Group31/install/dummy_drone/share/dummy_drone/local_setup.bash
-- Installing: /home/namqn_/git/RS1Group31/install/dummy_drone/share/dummy_drone/local_setup.sh
-- Installing: /home/namqn_/git/RS1Group31/install/dummy_drone/share/dummy_drone/local_setup.zsh
-- Installing: /home/namqn_/git/RS1Group31/install/dummy_drone/share/dummy_drone/local_setup.dsv
-- Installing: /home/namqn_/git/RS1Group31/install/dummy_drone/share/dummy_drone/package.dsv
-- Installing: /home/namqn_/git/RS1Group31/install/dummy_drone/share/ament_index/resource_index/packages/dummy_drone
-- Installing: /home/namqn_/git/RS1Group31/install/dummy_drone/share/dummy_drone/cmake/dummy_droneConfig.cmake
-- Installing: /home/namqn_/git/RS1Group31/install/dummy_drone/share/dummy_drone/cmake/dummy_droneConfig-version.cmake
-- Installing: /home/namqn_/git/RS1Group31/install/dummy_drone/share/dummy_drone/package.xml
