[0.562s] DEBUG:colcon:Command line arguments: ['/usr/bin/colcon', 'build', '--symlink-install']
[0.562s] DEBUG:colcon:Parsed command line arguments: Namespace(log_base=None, log_level=None, verb_name='build', build_base='build', install_base='install', merge_install=False, symlink_install=True, test_result_base=None, continue_on_error=False, executor='parallel', parallel_workers=12, event_handlers=None, ignore_user_meta=False, metas=['./colcon.meta'], base_paths=['.'], packages_ignore=None, packages_ignore_regex=None, paths=None, packages_up_to=None, packages_up_to_regex=None, packages_above=None, packages_above_and_dependencies=None, packages_above_depth=None, packages_select_by_dep=None, packages_skip_by_dep=None, packages_skip_up_to=None, packages_select_build_failed=False, packages_skip_build_finished=False, packages_select_test_failures=False, packages_skip_test_passed=False, packages_select=None, packages_skip=None, packages_select_regex=None, packages_skip_regex=None, packages_start=None, packages_end=None, allow_overriding=[], cmake_args=None, cmake_target=None, cmake_target_skip_unavailable=False, cmake_clean_cache=False, cmake_clean_first=False, cmake_force_configure=False, ament_cmake_args=None, catkin_cmake_args=None, catkin_skip_building_tests=False, mixin_files=None, mixin=None, verb_parser=<colcon_mixin.mixin.mixin_argument.MixinArgumentDecorator object at 0x7f31e22b9a20>, verb_extension=<colcon_core.verb.build.BuildVerb object at 0x7f31e22b9360>, main=<bound method BuildVerb.main of <colcon_core.verb.build.BuildVerb object at 0x7f31e22b9360>>, mixin_verb=('build',))
[0.971s] Level 1:colcon.colcon_core.package_discovery:discover_packages(colcon_meta) check parameters
[0.971s] Level 1:colcon.colcon_core.package_discovery:discover_packages(recursive) check parameters
[0.971s] Level 1:colcon.colcon_core.package_discovery:discover_packages(ignore) check parameters
[0.971s] Level 1:colcon.colcon_core.package_discovery:discover_packages(path) check parameters
[0.971s] Level 1:colcon.colcon_core.package_discovery:discover_packages(colcon_meta) discover
[0.971s] Level 1:colcon.colcon_core.package_discovery:discover_packages(recursive) discover
[0.972s] INFO:colcon.colcon_core.package_discovery:Crawling recursively for packages in '/home/namqn_/git/RS1Group31'
[0.972s] Level 1:colcon.colcon_core.package_identification:_identify(.) by extensions ['ignore', 'ignore_ament_install']
[0.972s] Level 1:colcon.colcon_core.package_identification:_identify(.) by extension 'ignore'
[0.972s] Level 1:colcon.colcon_core.package_identification:_identify(.) by extension 'ignore_ament_install'
[0.972s] Level 1:colcon.colcon_core.package_identification:_identify(.) by extensions ['colcon_pkg']
[0.972s] Level 1:colcon.colcon_core.package_identification:_identify(.) by extension 'colcon_pkg'
[0.972s] Level 1:colcon.colcon_core.package_identification:_identify(.) by extensions ['colcon_meta']
[0.972s] Level 1:colcon.colcon_core.package_identification:_identify(.) by extension 'colcon_meta'
[0.972s] Level 1:colcon.colcon_core.package_identification:_identify(.) by extensions ['ros']
[0.972s] Level 1:colcon.colcon_core.package_identification:_identify(.) by extension 'ros'
[0.990s] Level 1:colcon.colcon_core.package_identification:_identify(.) by extensions ['cmake', 'python']
[0.990s] Level 1:colcon.colcon_core.package_identification:_identify(.) by extension 'cmake'
[0.990s] Level 1:colcon.colcon_core.package_identification:_identify(.) by extension 'python'
[0.990s] Level 1:colcon.colcon_core.package_identification:_identify(.) by extensions ['python_setup_py']
[0.990s] Level 1:colcon.colcon_core.package_identification:_identify(.) by extension 'python_setup_py'
[0.990s] Level 1:colcon.colcon_core.package_identification:_identify(build) by extensions ['ignore', 'ignore_ament_install']
[0.990s] Level 1:colcon.colcon_core.package_identification:_identify(build) by extension 'ignore'
[0.990s] Level 1:colcon.colcon_core.package_identification:_identify(build) ignored
[0.990s] Level 1:colcon.colcon_core.package_identification:_identify(install) by extensions ['ignore', 'ignore_ament_install']
[0.991s] Level 1:colcon.colcon_core.package_identification:_identify(install) by extension 'ignore'
[0.991s] Level 1:colcon.colcon_core.package_identification:_identify(install) ignored
[0.991s] Level 1:colcon.colcon_core.package_identification:_identify(log) by extensions ['ignore', 'ignore_ament_install']
[0.991s] Level 1:colcon.colcon_core.package_identification:_identify(log) by extension 'ignore'
[0.991s] Level 1:colcon.colcon_core.package_identification:_identify(log) ignored
[0.991s] Level 1:colcon.colcon_core.package_identification:_identify(src) by extensions ['ignore', 'ignore_ament_install']
[0.991s] Level 1:colcon.colcon_core.package_identification:_identify(src) by extension 'ignore'
[0.991s] Level 1:colcon.colcon_core.package_identification:_identify(src) by extension 'ignore_ament_install'
[0.991s] Level 1:colcon.colcon_core.package_identification:_identify(src) by extensions ['colcon_pkg']
[0.991s] Level 1:colcon.colcon_core.package_identification:_identify(src) by extension 'colcon_pkg'
[0.992s] Level 1:colcon.colcon_core.package_identification:_identify(src) by extensions ['colcon_meta']
[0.992s] Level 1:colcon.colcon_core.package_identification:_identify(src) by extension 'colcon_meta'
[0.992s] Level 1:colcon.colcon_core.package_identification:_identify(src) by extensions ['ros']
[0.992s] Level 1:colcon.colcon_core.package_identification:_identify(src) by extension 'ros'
[0.992s] Level 1:colcon.colcon_core.package_identification:_identify(src) by extensions ['cmake', 'python']
[0.992s] Level 1:colcon.colcon_core.package_identification:_identify(src) by extension 'cmake'
[0.992s] Level 1:colcon.colcon_core.package_identification:_identify(src) by extension 'python'
[0.992s] Level 1:colcon.colcon_core.package_identification:_identify(src) by extensions ['python_setup_py']
[0.992s] Level 1:colcon.colcon_core.package_identification:_identify(src) by extension 'python_setup_py'
[0.992s] Level 1:colcon.colcon_core.package_identification:_identify(src/41068_ignition_bringup) by extensions ['ignore', 'ignore_ament_install']
[0.993s] Level 1:colcon.colcon_core.package_identification:_identify(src/41068_ignition_bringup) by extension 'ignore'
[0.993s] Level 1:colcon.colcon_core.package_identification:_identify(src/41068_ignition_bringup) by extension 'ignore_ament_install'
[0.993s] Level 1:colcon.colcon_core.package_identification:_identify(src/41068_ignition_bringup) by extensions ['colcon_pkg']
[0.993s] Level 1:colcon.colcon_core.package_identification:_identify(src/41068_ignition_bringup) by extension 'colcon_pkg'
[0.993s] Level 1:colcon.colcon_core.package_identification:_identify(src/41068_ignition_bringup) by extensions ['colcon_meta']
[0.993s] Level 1:colcon.colcon_core.package_identification:_identify(src/41068_ignition_bringup) by extension 'colcon_meta'
[0.993s] Level 1:colcon.colcon_core.package_identification:_identify(src/41068_ignition_bringup) by extensions ['ros']
[0.993s] Level 1:colcon.colcon_core.package_identification:_identify(src/41068_ignition_bringup) by extension 'ros'
[0.998s] DEBUG:colcon.colcon_core.package_identification:Package 'src/41068_ignition_bringup' with type 'ros.ament_cmake' and name '41068_ignition_bringup'
[0.999s] Level 1:colcon.colcon_core.package_identification:_identify(src/dummy_drone) by extensions ['ignore', 'ignore_ament_install']
[0.999s] Level 1:colcon.colcon_core.package_identification:_identify(src/dummy_drone) by extension 'ignore'
[0.999s] Level 1:colcon.colcon_core.package_identification:_identify(src/dummy_drone) by extension 'ignore_ament_install'
[0.999s] Level 1:colcon.colcon_core.package_identification:_identify(src/dummy_drone) by extensions ['colcon_pkg']
[1.000s] Level 1:colcon.colcon_core.package_identification:_identify(src/dummy_drone) by extension 'colcon_pkg'
[1.000s] Level 1:colcon.colcon_core.package_identification:_identify(src/dummy_drone) by extensions ['colcon_meta']
[1.000s] Level 1:colcon.colcon_core.package_identification:_identify(src/dummy_drone) by extension 'colcon_meta'
[1.000s] Level 1:colcon.colcon_core.package_identification:_identify(src/dummy_drone) by extensions ['ros']
[1.000s] Level 1:colcon.colcon_core.package_identification:_identify(src/dummy_drone) by extension 'ros'
[1.002s] DEBUG:colcon.colcon_core.package_identification:Package 'src/dummy_drone' with type 'ros.catkin' and name 'dummy_drone'
[1.002s] Level 1:colcon.colcon_core.package_discovery:discover_packages(recursive) using defaults
[1.002s] Level 1:colcon.colcon_core.package_discovery:discover_packages(ignore) discover
[1.002s] Level 1:colcon.colcon_core.package_discovery:discover_packages(ignore) using defaults
[1.002s] Level 1:colcon.colcon_core.package_discovery:discover_packages(path) discover
[1.002s] Level 1:colcon.colcon_core.package_discovery:discover_packages(path) using defaults
[1.066s] Level 1:colcon.colcon_core.package_discovery:discover_packages(prefix_path) check parameters
[1.066s] Level 1:colcon.colcon_core.package_discovery:discover_packages(prefix_path) discover
[1.070s] WARNING:colcon.colcon_ros.prefix_path.ament:The path '/home/namqn_/git/RS1Group31/install/41068_ignition_bringup' in the environment variable AMENT_PREFIX_PATH doesn't exist
[1.070s] WARNING:colcon.colcon_ros.prefix_path.catkin:The path '/home/namqn_/git/RS1Group31/install/dummy_drone' in the environment variable CMAKE_PREFIX_PATH doesn't exist
[1.070s] WARNING:colcon.colcon_ros.prefix_path.catkin:The path '/home/namqn_/git/RS1Group31/install/41068_ignition_bringup' in the environment variable CMAKE_PREFIX_PATH doesn't exist
[1.072s] DEBUG:colcon.colcon_installed_package_information.package_discovery:Found 0 installed packages in /home/namqn_/git/RS1Group31/install
[1.074s] DEBUG:colcon.colcon_installed_package_information.package_discovery:Found 428 installed packages in /opt/ros/humble
[1.077s] Level 1:colcon.colcon_core.package_discovery:discover_packages(prefix_path) using defaults
[1.154s] Level 5:colcon.colcon_core.verb:set package '41068_ignition_bringup' build argument 'cmake_args' from command line to 'None'
[1.154s] Level 5:colcon.colcon_core.verb:set package '41068_ignition_bringup' build argument 'cmake_target' from command line to 'None'
[1.155s] Level 5:colcon.colcon_core.verb:set package '41068_ignition_bringup' build argument 'cmake_target_skip_unavailable' from command line to 'False'
[1.155s] Level 5:colcon.colcon_core.verb:set package '41068_ignition_bringup' build argument 'cmake_clean_cache' from command line to 'False'
[1.155s] Level 5:colcon.colcon_core.verb:set package '41068_ignition_bringup' build argument 'cmake_clean_first' from command line to 'False'
[1.155s] Level 5:colcon.colcon_core.verb:set package '41068_ignition_bringup' build argument 'cmake_force_configure' from command line to 'False'
[1.155s] Level 5:colcon.colcon_core.verb:set package '41068_ignition_bringup' build argument 'ament_cmake_args' from command line to 'None'
[1.155s] Level 5:colcon.colcon_core.verb:set package '41068_ignition_bringup' build argument 'catkin_cmake_args' from command line to 'None'
[1.155s] Level 5:colcon.colcon_core.verb:set package '41068_ignition_bringup' build argument 'catkin_skip_building_tests' from command line to 'False'
[1.155s] DEBUG:colcon.colcon_core.verb:Building package '41068_ignition_bringup' with the following arguments: {'ament_cmake_args': None, 'build_base': '/home/namqn_/git/RS1Group31/build/41068_ignition_bringup', 'catkin_cmake_args': None, 'catkin_skip_building_tests': False, 'cmake_args': None, 'cmake_clean_cache': False, 'cmake_clean_first': False, 'cmake_force_configure': False, 'cmake_target': None, 'cmake_target_skip_unavailable': False, 'install_base': '/home/namqn_/git/RS1Group31/install/41068_ignition_bringup', 'merge_install': False, 'path': '/home/namqn_/git/RS1Group31/src/41068_ignition_bringup', 'symlink_install': True, 'test_result_base': None}
[1.157s] Level 5:colcon.colcon_core.verb:set package 'dummy_drone' build argument 'cmake_args' from command line to 'None'
[1.157s] Level 5:colcon.colcon_core.verb:set package 'dummy_drone' build argument 'cmake_target' from command line to 'None'
[1.157s] Level 5:colcon.colcon_core.verb:set package 'dummy_drone' build argument 'cmake_target_skip_unavailable' from command line to 'False'
[1.157s] Level 5:colcon.colcon_core.verb:set package 'dummy_drone' build argument 'cmake_clean_cache' from command line to 'False'
[1.157s] Level 5:colcon.colcon_core.verb:set package 'dummy_drone' build argument 'cmake_clean_first' from command line to 'False'
[1.157s] Level 5:colcon.colcon_core.verb:set package 'dummy_drone' build argument 'cmake_force_configure' from command line to 'False'
[1.157s] Level 5:colcon.colcon_core.verb:set package 'dummy_drone' build argument 'ament_cmake_args' from command line to 'None'
[1.158s] Level 5:colcon.colcon_core.verb:set package 'dummy_drone' build argument 'catkin_cmake_args' from command line to 'None'
[1.158s] Level 5:colcon.colcon_core.verb:set package 'dummy_drone' build argument 'catkin_skip_building_tests' from command line to 'False'
[1.158s] DEBUG:colcon.colcon_core.verb:Building package 'dummy_drone' with the following arguments: {'ament_cmake_args': None, 'build_base': '/home/namqn_/git/RS1Group31/build/dummy_drone', 'catkin_cmake_args': None, 'catkin_skip_building_tests': False, 'cmake_args': None, 'cmake_clean_cache': False, 'cmake_clean_first': False, 'cmake_force_configure': False, 'cmake_target': None, 'cmake_target_skip_unavailable': False, 'install_base': '/home/namqn_/git/RS1Group31/install/dummy_drone', 'merge_install': False, 'path': '/home/namqn_/git/RS1Group31/src/dummy_drone', 'symlink_install': True, 'test_result_base': None}
[1.159s] INFO:colcon.colcon_core.executor:Executing jobs using 'parallel' executor
[1.162s] DEBUG:colcon.colcon_parallel_executor.executor.parallel:run_until_complete
[1.163s] INFO:colcon.colcon_ros.task.ament_cmake.build:Building ROS package in '/home/namqn_/git/RS1Group31/src/41068_ignition_bringup' with build type 'ament_cmake'
[1.164s] INFO:colcon.colcon_cmake.task.cmake.build:Building CMake package in '/home/namqn_/git/RS1Group31/src/41068_ignition_bringup'
[1.195s] INFO:colcon.colcon_core.plugin_system:Skipping extension 'colcon_core.shell.bat': Not used on non-Windows systems
[1.195s] INFO:colcon.colcon_core.shell:Skip shell extension 'powershell' for command environment: Not usable outside of PowerShell
[1.195s] DEBUG:colcon.colcon_core.shell:Skip shell extension 'dsv' for command environment
[1.203s] INFO:colcon.colcon_ros.task.catkin.build:Building ROS package in '/home/namqn_/git/RS1Group31/src/dummy_drone' with build type 'catkin'
[1.204s] INFO:colcon.colcon_cmake.task.cmake.build:Building CMake package in '/home/namqn_/git/RS1Group31/src/dummy_drone'
[1.204s] INFO:colcon.colcon_core.shell:Skip shell extension 'powershell' for command environment: Not usable outside of PowerShell
[1.205s] DEBUG:colcon.colcon_core.shell:Skip shell extension 'dsv' for command environment
[1.221s] DEBUG:colcon.colcon_core.event_handler.log_command:Invoking command in '/home/namqn_/git/RS1Group31/build/41068_ignition_bringup': CMAKE_PREFIX_PATH=${CMAKE_PREFIX_PATH}:/opt/ros/humble /usr/bin/cmake /home/namqn_/git/RS1Group31/src/41068_ignition_bringup -DAMENT_CMAKE_SYMLINK_INSTALL=1 -DCMAKE_INSTALL_PREFIX=/home/namqn_/git/RS1Group31/install/41068_ignition_bringup
[1.230s] DEBUG:colcon.colcon_core.event_handler.log_command:Invoking command in '/home/namqn_/git/RS1Group31/build/dummy_drone': /usr/bin/cmake /home/namqn_/git/RS1Group31/src/dummy_drone -DCATKIN_INSTALL_INTO_PREFIX_ROOT=0 -DCATKIN_SYMLINK_INSTALL=ON -DCMAKE_INSTALL_PREFIX=/home/namqn_/git/RS1Group31/install/dummy_drone
[3.540s] DEBUG:colcon.colcon_core.event_handler.log_command:Invoked command in '/home/namqn_/git/RS1Group31/build/41068_ignition_bringup' returned '0': CMAKE_PREFIX_PATH=${CMAKE_PREFIX_PATH}:/opt/ros/humble /usr/bin/cmake /home/namqn_/git/RS1Group31/src/41068_ignition_bringup -DAMENT_CMAKE_SYMLINK_INSTALL=1 -DCMAKE_INSTALL_PREFIX=/home/namqn_/git/RS1Group31/install/41068_ignition_bringup
[3.541s] DEBUG:colcon.colcon_core.event_handler.log_command:Invoking command in '/home/namqn_/git/RS1Group31/build/41068_ignition_bringup': CMAKE_PREFIX_PATH=${CMAKE_PREFIX_PATH}:/opt/ros/humble /usr/bin/cmake --build /home/namqn_/git/RS1Group31/build/41068_ignition_bringup -- -j12 -l12
[3.592s] DEBUG:colcon.colcon_core.event_handler.log_command:Invoked command in '/home/namqn_/git/RS1Group31/build/41068_ignition_bringup' returned '0': CMAKE_PREFIX_PATH=${CMAKE_PREFIX_PATH}:/opt/ros/humble /usr/bin/cmake --build /home/namqn_/git/RS1Group31/build/41068_ignition_bringup -- -j12 -l12
[3.604s] DEBUG:colcon.colcon_core.event_handler.log_command:Invoking command in '/home/namqn_/git/RS1Group31/build/41068_ignition_bringup': CMAKE_PREFIX_PATH=${CMAKE_PREFIX_PATH}:/opt/ros/humble /usr/bin/cmake --install /home/namqn_/git/RS1Group31/build/41068_ignition_bringup
[4.356s] Level 1:colcon.colcon_core.environment:create_environment_scripts_only(41068_ignition_bringup)
[4.357s] DEBUG:colcon.colcon_core.event_handler.log_command:Invoked command in '/home/namqn_/git/RS1Group31/build/41068_ignition_bringup' returned '0': CMAKE_PREFIX_PATH=${CMAKE_PREFIX_PATH}:/opt/ros/humble /usr/bin/cmake --install /home/namqn_/git/RS1Group31/build/41068_ignition_bringup
[4.366s] Level 1:colcon.colcon_core.environment:checking '/home/namqn_/git/RS1Group31/install/41068_ignition_bringup' for CMake module files
[4.367s] Level 1:colcon.colcon_core.environment:checking '/home/namqn_/git/RS1Group31/install/41068_ignition_bringup' for CMake config files
[4.367s] Level 1:colcon.colcon_core.shell:create_environment_hook('41068_ignition_bringup', 'cmake_prefix_path')
[4.367s] INFO:colcon.colcon_core.shell:Creating environment hook '/home/namqn_/git/RS1Group31/install/41068_ignition_bringup/share/41068_ignition_bringup/hook/cmake_prefix_path.ps1'
[4.369s] INFO:colcon.colcon_core.shell:Creating environment descriptor '/home/namqn_/git/RS1Group31/install/41068_ignition_bringup/share/41068_ignition_bringup/hook/cmake_prefix_path.dsv'
[4.370s] INFO:colcon.colcon_core.shell:Creating environment hook '/home/namqn_/git/RS1Group31/install/41068_ignition_bringup/share/41068_ignition_bringup/hook/cmake_prefix_path.sh'
[4.371s] Level 1:colcon.colcon_core.environment:checking '/home/namqn_/git/RS1Group31/install/41068_ignition_bringup/bin'
[4.372s] Level 1:colcon.colcon_core.environment:checking '/home/namqn_/git/RS1Group31/install/41068_ignition_bringup/lib/pkgconfig/41068_ignition_bringup.pc'
[4.372s] Level 1:colcon.colcon_core.environment:checking '/home/namqn_/git/RS1Group31/install/41068_ignition_bringup/lib/python3.10/site-packages'
[4.372s] Level 1:colcon.colcon_core.environment:checking '/home/namqn_/git/RS1Group31/install/41068_ignition_bringup/bin'
[4.372s] INFO:colcon.colcon_core.shell:Creating package script '/home/namqn_/git/RS1Group31/install/41068_ignition_bringup/share/41068_ignition_bringup/package.ps1'
[4.374s] INFO:colcon.colcon_core.shell:Creating package descriptor '/home/namqn_/git/RS1Group31/install/41068_ignition_bringup/share/41068_ignition_bringup/package.dsv'
[4.376s] INFO:colcon.colcon_core.shell:Creating package script '/home/namqn_/git/RS1Group31/install/41068_ignition_bringup/share/41068_ignition_bringup/package.sh'
[4.377s] INFO:colcon.colcon_core.shell:Creating package script '/home/namqn_/git/RS1Group31/install/41068_ignition_bringup/share/41068_ignition_bringup/package.bash'
[4.379s] INFO:colcon.colcon_core.shell:Creating package script '/home/namqn_/git/RS1Group31/install/41068_ignition_bringup/share/41068_ignition_bringup/package.zsh'
[4.381s] Level 1:colcon.colcon_core.environment:create_file_with_runtime_dependencies(/home/namqn_/git/RS1Group31/install/41068_ignition_bringup/share/colcon-core/packages/41068_ignition_bringup)
[4.382s] Level 1:colcon.colcon_core.environment:create_environment_scripts_only(41068_ignition_bringup)
[4.382s] Level 1:colcon.colcon_core.environment:checking '/home/namqn_/git/RS1Group31/install/41068_ignition_bringup' for CMake module files
[4.383s] Level 1:colcon.colcon_core.environment:checking '/home/namqn_/git/RS1Group31/install/41068_ignition_bringup' for CMake config files
[4.383s] Level 1:colcon.colcon_core.shell:create_environment_hook('41068_ignition_bringup', 'cmake_prefix_path')
[4.383s] INFO:colcon.colcon_core.shell:Creating environment hook '/home/namqn_/git/RS1Group31/install/41068_ignition_bringup/share/41068_ignition_bringup/hook/cmake_prefix_path.ps1'
[4.384s] INFO:colcon.colcon_core.shell:Creating environment descriptor '/home/namqn_/git/RS1Group31/install/41068_ignition_bringup/share/41068_ignition_bringup/hook/cmake_prefix_path.dsv'
[4.384s] INFO:colcon.colcon_core.shell:Creating environment hook '/home/namqn_/git/RS1Group31/install/41068_ignition_bringup/share/41068_ignition_bringup/hook/cmake_prefix_path.sh'
[4.385s] Level 1:colcon.colcon_core.environment:checking '/home/namqn_/git/RS1Group31/install/41068_ignition_bringup/bin'
[4.385s] Level 1:colcon.colcon_core.environment:checking '/home/namqn_/git/RS1Group31/install/41068_ignition_bringup/lib/pkgconfig/41068_ignition_bringup.pc'
[4.386s] Level 1:colcon.colcon_core.environment:checking '/home/namqn_/git/RS1Group31/install/41068_ignition_bringup/lib/python3.10/site-packages'
[4.386s] Level 1:colcon.colcon_core.environment:checking '/home/namqn_/git/RS1Group31/install/41068_ignition_bringup/bin'
[4.386s] INFO:colcon.colcon_core.shell:Creating package script '/home/namqn_/git/RS1Group31/install/41068_ignition_bringup/share/41068_ignition_bringup/package.ps1'
[4.387s] INFO:colcon.colcon_core.shell:Creating package descriptor '/home/namqn_/git/RS1Group31/install/41068_ignition_bringup/share/41068_ignition_bringup/package.dsv'
[4.388s] INFO:colcon.colcon_core.shell:Creating package script '/home/namqn_/git/RS1Group31/install/41068_ignition_bringup/share/41068_ignition_bringup/package.sh'
[4.388s] INFO:colcon.colcon_core.shell:Creating package script '/home/namqn_/git/RS1Group31/install/41068_ignition_bringup/share/41068_ignition_bringup/package.bash'
[4.388s] INFO:colcon.colcon_core.shell:Creating package script '/home/namqn_/git/RS1Group31/install/41068_ignition_bringup/share/41068_ignition_bringup/package.zsh'
[4.389s] Level 1:colcon.colcon_core.environment:create_file_with_runtime_dependencies(/home/namqn_/git/RS1Group31/install/41068_ignition_bringup/share/colcon-core/packages/41068_ignition_bringup)
[10.096s] DEBUG:colcon.colcon_core.event_handler.log_command:Invoked command in '/home/namqn_/git/RS1Group31/build/dummy_drone' returned '0': /usr/bin/cmake /home/namqn_/git/RS1Group31/src/dummy_drone -DCATKIN_INSTALL_INTO_PREFIX_ROOT=0 -DCATKIN_SYMLINK_INSTALL=ON -DCMAKE_INSTALL_PREFIX=/home/namqn_/git/RS1Group31/install/dummy_drone
[10.098s] DEBUG:colcon.colcon_core.event_handler.log_command:Invoking command in '/home/namqn_/git/RS1Group31/build/dummy_drone': /usr/bin/cmake --build /home/namqn_/git/RS1Group31/build/dummy_drone -- -j12 -l12
[180.661s] DEBUG:colcon.colcon_core.event_handler.log_command:Invoked command in '/home/namqn_/git/RS1Group31/build/dummy_drone' returned '0': /usr/bin/cmake --build /home/namqn_/git/RS1Group31/build/dummy_drone -- -j12 -l12
[180.665s] DEBUG:colcon.colcon_core.event_handler.log_command:Invoking command in '/home/namqn_/git/RS1Group31/build/dummy_drone': /usr/bin/cmake --install /home/namqn_/git/RS1Group31/build/dummy_drone
[180.694s] DEBUG:colcon.colcon_core.event_handler.log_command:Invoked command in '/home/namqn_/git/RS1Group31/build/dummy_drone' returned '0': /usr/bin/cmake --install /home/namqn_/git/RS1Group31/build/dummy_drone
[180.694s] Level 1:colcon.colcon_core.shell:create_environment_hook('dummy_drone', 'ros_package_path')
[180.695s] INFO:colcon.colcon_core.shell:Creating environment hook '/home/namqn_/git/RS1Group31/install/dummy_drone/share/dummy_drone/hook/ros_package_path.ps1'
[180.699s] INFO:colcon.colcon_core.shell:Creating environment descriptor '/home/namqn_/git/RS1Group31/install/dummy_drone/share/dummy_drone/hook/ros_package_path.dsv'
[180.700s] INFO:colcon.colcon_core.shell:Creating environment hook '/home/namqn_/git/RS1Group31/install/dummy_drone/share/dummy_drone/hook/ros_package_path.sh'
[180.701s] Level 1:colcon.colcon_core.shell:create_environment_hook('dummy_drone', 'pkg_config_path')
[180.702s] INFO:colcon.colcon_core.shell:Creating environment hook '/home/namqn_/git/RS1Group31/install/dummy_drone/share/dummy_drone/hook/pkg_config_path.ps1'
[180.702s] INFO:colcon.colcon_core.shell:Creating environment descriptor '/home/namqn_/git/RS1Group31/install/dummy_drone/share/dummy_drone/hook/pkg_config_path.dsv'
[180.703s] INFO:colcon.colcon_core.shell:Creating environment hook '/home/namqn_/git/RS1Group31/install/dummy_drone/share/dummy_drone/hook/pkg_config_path.sh'
[180.707s] Level 1:colcon.colcon_core.shell:create_environment_hook('dummy_drone', 'pkg_config_path_multiarch')
[180.707s] INFO:colcon.colcon_core.shell:Creating environment hook '/home/namqn_/git/RS1Group31/install/dummy_drone/share/dummy_drone/hook/pkg_config_path_multiarch.ps1'
[180.708s] INFO:colcon.colcon_core.shell:Creating environment descriptor '/home/namqn_/git/RS1Group31/install/dummy_drone/share/dummy_drone/hook/pkg_config_path_multiarch.dsv'
[180.708s] INFO:colcon.colcon_core.shell:Creating environment hook '/home/namqn_/git/RS1Group31/install/dummy_drone/share/dummy_drone/hook/pkg_config_path_multiarch.sh'
[180.709s] Level 1:colcon.colcon_core.environment:create_environment_scripts_only(dummy_drone)
[180.709s] Level 1:colcon.colcon_core.environment:checking '/home/namqn_/git/RS1Group31/install/dummy_drone' for CMake module files
[180.710s] Level 1:colcon.colcon_core.environment:checking '/home/namqn_/git/RS1Group31/install/dummy_drone' for CMake config files
[180.710s] Level 1:colcon.colcon_core.shell:create_environment_hook('dummy_drone', 'cmake_prefix_path')
[180.710s] INFO:colcon.colcon_core.shell:Creating environment hook '/home/namqn_/git/RS1Group31/install/dummy_drone/share/dummy_drone/hook/cmake_prefix_path.ps1'
[180.710s] INFO:colcon.colcon_core.shell:Creating environment descriptor '/home/namqn_/git/RS1Group31/install/dummy_drone/share/dummy_drone/hook/cmake_prefix_path.dsv'
[180.711s] INFO:colcon.colcon_core.shell:Creating environment hook '/home/namqn_/git/RS1Group31/install/dummy_drone/share/dummy_drone/hook/cmake_prefix_path.sh'
[180.711s] Level 1:colcon.colcon_core.environment:checking '/home/namqn_/git/RS1Group31/install/dummy_drone/lib'
[180.711s] Level 1:colcon.colcon_core.environment:checking '/home/namqn_/git/RS1Group31/install/dummy_drone/bin'
[180.711s] Level 1:colcon.colcon_core.environment:checking '/home/namqn_/git/RS1Group31/install/dummy_drone/lib/pkgconfig/dummy_drone.pc'
[180.712s] Level 1:colcon.colcon_core.environment:checking '/home/namqn_/git/RS1Group31/install/dummy_drone/lib/python3.10/site-packages'
[180.712s] Level 1:colcon.colcon_core.environment:checking '/home/namqn_/git/RS1Group31/install/dummy_drone/bin'
[180.712s] INFO:colcon.colcon_core.shell:Creating package script '/home/namqn_/git/RS1Group31/install/dummy_drone/share/dummy_drone/package.ps1'
[180.713s] INFO:colcon.colcon_core.shell:Creating package descriptor '/home/namqn_/git/RS1Group31/install/dummy_drone/share/dummy_drone/package.dsv'
[180.714s] INFO:colcon.colcon_core.shell:Creating package script '/home/namqn_/git/RS1Group31/install/dummy_drone/share/dummy_drone/package.sh'
[180.715s] INFO:colcon.colcon_core.shell:Creating package script '/home/namqn_/git/RS1Group31/install/dummy_drone/share/dummy_drone/package.bash'
[180.716s] INFO:colcon.colcon_core.shell:Creating package script '/home/namqn_/git/RS1Group31/install/dummy_drone/share/dummy_drone/package.zsh'
[180.717s] Level 1:colcon.colcon_core.environment:create_file_with_runtime_dependencies(/home/namqn_/git/RS1Group31/install/dummy_drone/share/colcon-core/packages/dummy_drone)
[180.718s] DEBUG:colcon.colcon_parallel_executor.executor.parallel:closing loop
[180.719s] DEBUG:colcon.colcon_parallel_executor.executor.parallel:loop closed
[180.719s] DEBUG:colcon.colcon_parallel_executor.executor.parallel:run_until_complete finished with '0'
[180.720s] DEBUG:colcon.colcon_core.event_reactor:joining thread
[180.759s] INFO:colcon.colcon_core.plugin_system:Skipping extension 'colcon_notification.desktop_notification.notify_send': Could not find 'notify-send'
[180.759s] INFO:colcon.colcon_core.plugin_system:Skipping extension 'colcon_notification.desktop_notification.terminal_notifier': Not used on non-Darwin systems
[180.759s] INFO:colcon.colcon_core.plugin_system:Skipping extension 'colcon_notification.desktop_notification.win32': Not used on non-Windows systems
[180.759s] INFO:colcon.colcon_notification.desktop_notification:Sending desktop notification using 'notify2'
[180.764s] DEBUG:colcon.colcon_notification.desktop_notification.notify2:Failed to initialize notify2: org.freedesktop.DBus.Error.ServiceUnknown: The name org.freedesktop.Notifications was not provided by any .service files
[180.765s] DEBUG:colcon.colcon_core.event_reactor:joined thread
[180.765s] INFO:colcon.colcon_core.shell:Creating prefix script '/home/namqn_/git/RS1Group31/install/local_setup.ps1'
[180.767s] INFO:colcon.colcon_core.shell:Creating prefix util module '/home/namqn_/git/RS1Group31/install/_local_setup_util_ps1.py'
[180.768s] INFO:colcon.colcon_core.shell:Creating prefix chain script '/home/namqn_/git/RS1Group31/install/setup.ps1'
[180.769s] INFO:colcon.colcon_core.shell:Creating prefix script '/home/namqn_/git/RS1Group31/install/local_setup.sh'
[180.770s] INFO:colcon.colcon_core.shell:Creating prefix util module '/home/namqn_/git/RS1Group31/install/_local_setup_util_sh.py'
[180.771s] INFO:colcon.colcon_core.shell:Creating prefix chain script '/home/namqn_/git/RS1Group31/install/setup.sh'
[180.772s] INFO:colcon.colcon_core.shell:Creating prefix script '/home/namqn_/git/RS1Group31/install/local_setup.bash'
[180.772s] INFO:colcon.colcon_core.shell:Creating prefix chain script '/home/namqn_/git/RS1Group31/install/setup.bash'
[180.774s] INFO:colcon.colcon_core.shell:Creating prefix script '/home/namqn_/git/RS1Group31/install/local_setup.zsh'
[180.774s] INFO:colcon.colcon_core.shell:Creating prefix chain script '/home/namqn_/git/RS1Group31/install/setup.zsh'
