[0.021s] Invoking command in '/home/namqn_/git/RS1Group31/build/41068_ignition_bringup': CMAKE_PREFIX_PATH=${CMAKE_PREFIX_PATH}:/opt/ros/humble /usr/bin/cmake /home/namqn_/git/RS1Group31/src/41068_ignition_bringup -DAMENT_CMAKE_SYMLINK_INSTALL=1 -DCMAKE_INSTALL_PREFIX=/home/namqn_/git/RS1Group31/install/41068_ignition_bringup
[0.226s] -- The C compiler identification is GNU 11.4.0
[0.600s] -- The CXX compiler identification is GNU 11.4.0
[0.841s] -- Detecting C compiler ABI info
[0.961s] -- Detecting C compiler ABI info - done
[0.968s] -- Check for working C compiler: /usr/bin/cc - skipped
[0.969s] -- Detecting C compile features
[0.969s] -- Detecting C compile features - done
[0.973s] -- Detecting CXX compiler ABI info
[1.103s] -- Detecting CXX compiler ABI info - done
[1.111s] -- Check for working CXX compiler: /usr/bin/c++ - skipped
[1.111s] -- Detecting CXX compile features
[1.111s] -- Detecting CXX compile features - done
[1.120s] -- Found ament_cmake: 1.3.12 (/opt/ros/humble/share/ament_cmake/cmake)
[1.256s] -- Found Python3: /usr/bin/python3 (found version "3.10.12") found components: Interpreter 
[1.321s] -- Override CMake install command with custom implementation using symlinks instead of copying resources
[1.359s] -- Found ros_ign_interfaces: 0.244.20 (/opt/ros/humble/share/ros_ign_interfaces/cmake)
[1.511s] -- Found rosidl_generator_c: 3.1.7 (/opt/ros/humble/share/rosidl_generator_c/cmake)
[1.518s] -- Found rosidl_adapter: 3.1.7 (/opt/ros/humble/share/rosidl_adapter/cmake)
[1.530s] -- Found rosidl_generator_cpp: 3.1.7 (/opt/ros/humble/share/rosidl_generator_cpp/cmake)
[1.548s] -- Using all available rosidl_typesupport_c: rosidl_typesupport_fastrtps_c;rosidl_typesupport_introspection_c
[1.567s] -- Using all available rosidl_typesupport_cpp: rosidl_typesupport_fastrtps_cpp;rosidl_typesupport_introspection_cpp
[1.680s] -- Found ament_lint_auto: 0.12.14 (/opt/ros/humble/share/ament_lint_auto/cmake)
[1.758s] WARNING: Package name "41068_ignition_bringup" does not follow the naming conventions. It should start with a lower case letter and only contain lower case letters, digits, underscores, and dashes.
[1.810s] -- Added test 'copyright' to check source files copyright and LICENSE
[1.816s] -- Added test 'cppcheck' to perform static code analysis on C / C++ code
[1.816s] -- Configured cppcheck include dirs: 
[1.816s] -- Configured cppcheck exclude dirs and/or files: 
[1.822s] -- Added test 'cpplint' to check C / C++ code against the Google style
[1.822s] -- Configured cpplint exclude dirs and/or files: 
[1.824s] -- Added test 'flake8' to check Python code syntax and style conventions
[1.826s] -- Added test 'lint_cmake' to check CMake code style
[1.827s] -- Added test 'pep257' to check Python code against some of the docstring style conventions in PEP 257
[1.833s] -- Added test 'uncrustify' to check C / C++ code style
[1.833s] -- Configured uncrustify additional arguments: 
[1.834s] -- Added test 'xmllint' to check XML markup files
[1.836s] -- Configuring done
[1.842s] -- Generating done
[1.845s] -- Build files have been written to: /home/namqn_/git/RS1Group31/build/41068_ignition_bringup
[1.851s] Invoked command in '/home/namqn_/git/RS1Group31/build/41068_ignition_bringup' returned '0': CMAKE_PREFIX_PATH=${CMAKE_PREFIX_PATH}:/opt/ros/humble /usr/bin/cmake /home/namqn_/git/RS1Group31/src/41068_ignition_bringup -DAMENT_CMAKE_SYMLINK_INSTALL=1 -DCMAKE_INSTALL_PREFIX=/home/namqn_/git/RS1Group31/install/41068_ignition_bringup
[1.854s] Invoking command in '/home/namqn_/git/RS1Group31/build/41068_ignition_bringup': CMAKE_PREFIX_PATH=${CMAKE_PREFIX_PATH}:/opt/ros/humble /usr/bin/cmake --build /home/namqn_/git/RS1Group31/build/41068_ignition_bringup -- -j12 -l12
[1.885s] Invoked command in '/home/namqn_/git/RS1Group31/build/41068_ignition_bringup' returned '0': CMAKE_PREFIX_PATH=${CMAKE_PREFIX_PATH}:/opt/ros/humble /usr/bin/cmake --build /home/namqn_/git/RS1Group31/build/41068_ignition_bringup -- -j12 -l12
[1.893s] Invoking command in '/home/namqn_/git/RS1Group31/build/41068_ignition_bringup': CMAKE_PREFIX_PATH=${CMAKE_PREFIX_PATH}:/opt/ros/humble /usr/bin/cmake --install /home/namqn_/git/RS1Group31/build/41068_ignition_bringup
[1.898s] -- Install configuration: ""
[1.899s] -- Execute custom install script
[1.901s] -- Symlinking: /home/namqn_/git/RS1Group31/install/41068_ignition_bringup/share/41068_ignition_bringup/config/41068.rviz
[1.908s] -- Symlinking: /home/namqn_/git/RS1Group31/install/41068_ignition_bringup/share/41068_ignition_bringup/config/gazebo_bridge.yaml
[1.915s] -- Symlinking: /home/namqn_/git/RS1Group31/install/41068_ignition_bringup/share/41068_ignition_bringup/config/nav2_params.yaml
[1.922s] -- Symlinking: /home/namqn_/git/RS1Group31/install/41068_ignition_bringup/share/41068_ignition_bringup/config/robot_localization.yaml
[1.930s] -- Symlinking: /home/namqn_/git/RS1Group31/install/41068_ignition_bringup/share/41068_ignition_bringup/config/slam_params.yaml
[1.937s] -- Symlinking: /home/namqn_/git/RS1Group31/install/41068_ignition_bringup/share/41068_ignition_bringup/launch/41068_ignition.launch.py
[1.944s] -- Symlinking: /home/namqn_/git/RS1Group31/install/41068_ignition_bringup/share/41068_ignition_bringup/launch/41068_ignition_drone.launch.py
[1.951s] -- Symlinking: /home/namqn_/git/RS1Group31/install/41068_ignition_bringup/share/41068_ignition_bringup/launch/41068_navigation.launch.py
[1.959s] -- Symlinking: /home/namqn_/git/RS1Group31/install/41068_ignition_bringup/share/41068_ignition_bringup/models/Test file.txt
[1.967s] -- Symlinking: /home/namqn_/git/RS1Group31/install/41068_ignition_bringup/share/41068_ignition_bringup/models/forest_plane/materials/textures/empty_grass.png
[1.974s] -- Symlinking: /home/namqn_/git/RS1Group31/install/41068_ignition_bringup/share/41068_ignition_bringup/models/forest_plane/materials/textures/forest_overhead.png
[1.982s] -- Symlinking: /home/namqn_/git/RS1Group31/install/41068_ignition_bringup/share/41068_ignition_bringup/models/forest_plane/materials/textures/leaf_litter.png
[1.988s] -- Symlinking: /home/namqn_/git/RS1Group31/install/41068_ignition_bringup/share/41068_ignition_bringup/models/forest_plane/model.config
[1.995s] -- Symlinking: /home/namqn_/git/RS1Group31/install/41068_ignition_bringup/share/41068_ignition_bringup/models/forest_plane/model.sdf
[2.003s] -- Symlinking: /home/namqn_/git/RS1Group31/install/41068_ignition_bringup/share/41068_ignition_bringup/models/forest_wall/materials/textures/forest_wall.png
[2.010s] -- Symlinking: /home/namqn_/git/RS1Group31/install/41068_ignition_bringup/share/41068_ignition_bringup/models/forest_wall/materials/textures/forest_wall_transparent.png
[2.017s] -- Symlinking: /home/namqn_/git/RS1Group31/install/41068_ignition_bringup/share/41068_ignition_bringup/models/forest_wall/materials/textures/forest_wall_transparent_small.png
[2.024s] -- Symlinking: /home/namqn_/git/RS1Group31/install/41068_ignition_bringup/share/41068_ignition_bringup/models/forest_wall/model.config
[2.031s] -- Symlinking: /home/namqn_/git/RS1Group31/install/41068_ignition_bringup/share/41068_ignition_bringup/models/forest_wall/model.sdf
[2.039s] -- Symlinking: /home/namqn_/git/RS1Group31/install/41068_ignition_bringup/share/41068_ignition_bringup/models/grass_plane/materials/textures/empty_grass.png
[2.046s] -- Symlinking: /home/namqn_/git/RS1Group31/install/41068_ignition_bringup/share/41068_ignition_bringup/models/grass_plane/model.config
[2.053s] -- Symlinking: /home/namqn_/git/RS1Group31/install/41068_ignition_bringup/share/41068_ignition_bringup/models/grass_plane/model.sdf
[2.061s] -- Symlinking: /home/namqn_/git/RS1Group31/install/41068_ignition_bringup/share/41068_ignition_bringup/urdf/common_properties.urdf.xacro
[2.069s] -- Symlinking: /home/namqn_/git/RS1Group31/install/41068_ignition_bringup/share/41068_ignition_bringup/urdf/husky.gazebo.xacro
[2.076s] -- Symlinking: /home/namqn_/git/RS1Group31/install/41068_ignition_bringup/share/41068_ignition_bringup/urdf/husky.urdf.xacro
[2.084s] -- Symlinking: /home/namqn_/git/RS1Group31/install/41068_ignition_bringup/share/41068_ignition_bringup/urdf/meshes/base_link.dae
[2.091s] -- Symlinking: /home/namqn_/git/RS1Group31/install/41068_ignition_bringup/share/41068_ignition_bringup/urdf/meshes/bumper.dae
[2.098s] -- Symlinking: /home/namqn_/git/RS1Group31/install/41068_ignition_bringup/share/41068_ignition_bringup/urdf/meshes/jpl04_arch_nosensor.stl
[2.104s] -- Symlinking: /home/namqn_/git/RS1Group31/install/41068_ignition_bringup/share/41068_ignition_bringup/urdf/meshes/top_chassis.dae
[2.111s] -- Symlinking: /home/namqn_/git/RS1Group31/install/41068_ignition_bringup/share/41068_ignition_bringup/urdf/meshes/top_plate.dae
[2.118s] -- Symlinking: /home/namqn_/git/RS1Group31/install/41068_ignition_bringup/share/41068_ignition_bringup/urdf/meshes/wheel.dae
[2.126s] -- Symlinking: /home/namqn_/git/RS1Group31/install/41068_ignition_bringup/share/41068_ignition_bringup/urdf/wheel.urdf.xacro
[2.133s] -- Symlinking: /home/namqn_/git/RS1Group31/install/41068_ignition_bringup/share/41068_ignition_bringup/worlds/large_demo.sdf
[2.141s] -- Symlinking: /home/namqn_/git/RS1Group31/install/41068_ignition_bringup/share/41068_ignition_bringup/worlds/simple_trees.sdf
[2.151s] -- Symlinking: /home/namqn_/git/RS1Group31/install/41068_ignition_bringup/share/41068_ignition_bringup/urdf_drone/common_properties.urdf.xacro
[2.158s] -- Symlinking: /home/namqn_/git/RS1Group31/install/41068_ignition_bringup/share/41068_ignition_bringup/urdf_drone/meshes/hull.dae
[2.166s] -- Symlinking: /home/namqn_/git/RS1Group31/install/41068_ignition_bringup/share/41068_ignition_bringup/urdf_drone/meshes/propeller_fl.dae
[2.172s] -- Symlinking: /home/namqn_/git/RS1Group31/install/41068_ignition_bringup/share/41068_ignition_bringup/urdf_drone/meshes/propeller_fr.dae
[2.179s] -- Symlinking: /home/namqn_/git/RS1Group31/install/41068_ignition_bringup/share/41068_ignition_bringup/urdf_drone/meshes/propeller_rl.dae
[2.185s] -- Symlinking: /home/namqn_/git/RS1Group31/install/41068_ignition_bringup/share/41068_ignition_bringup/urdf_drone/meshes/propeller_rr.dae
[2.192s] -- Symlinking: /home/namqn_/git/RS1Group31/install/41068_ignition_bringup/share/41068_ignition_bringup/urdf_drone/model.config
[2.198s] -- Symlinking: /home/namqn_/git/RS1Group31/install/41068_ignition_bringup/share/41068_ignition_bringup/urdf_drone/model.sdf
[2.204s] -- Symlinking: /home/namqn_/git/RS1Group31/install/41068_ignition_bringup/share/41068_ignition_bringup/urdf_drone/parrot.gazebo.xacro
[2.210s] -- Symlinking: /home/namqn_/git/RS1Group31/install/41068_ignition_bringup/share/41068_ignition_bringup/urdf_drone/parrot.urdf.xacro
[2.217s] -- Symlinking: /home/namqn_/git/RS1Group31/install/41068_ignition_bringup/share/41068_ignition_bringup/urdf_drone/thumbnails/1.png
[2.224s] -- Symlinking: /home/namqn_/git/RS1Group31/install/41068_ignition_bringup/share/41068_ignition_bringup/urdf_drone/thumbnails/2.png
[2.231s] -- Symlinking: /home/namqn_/git/RS1Group31/install/41068_ignition_bringup/share/41068_ignition_bringup/urdf_drone/thumbnails/3.png
[2.238s] -- Symlinking: /home/namqn_/git/RS1Group31/install/41068_ignition_bringup/share/41068_ignition_bringup/urdf_drone/thumbnails/4.png
[2.244s] -- Symlinking: /home/namqn_/git/RS1Group31/install/41068_ignition_bringup/share/41068_ignition_bringup/urdf_drone/thumbnails/5.png
[2.253s] -- Symlinking: /home/namqn_/git/RS1Group31/install/41068_ignition_bringup/share/ament_index/resource_index/package_run_dependencies/41068_ignition_bringup
[2.261s] -- Symlinking: /home/namqn_/git/RS1Group31/install/41068_ignition_bringup/share/ament_index/resource_index/parent_prefix_path/41068_ignition_bringup
[2.268s] -- Symlinking: /home/namqn_/git/RS1Group31/install/41068_ignition_bringup/share/41068_ignition_bringup/environment/ament_prefix_path.sh
[2.275s] -- Symlinking: /home/namqn_/git/RS1Group31/install/41068_ignition_bringup/share/41068_ignition_bringup/environment/ament_prefix_path.dsv
[2.282s] -- Symlinking: /home/namqn_/git/RS1Group31/install/41068_ignition_bringup/share/41068_ignition_bringup/environment/path.sh
[2.289s] -- Symlinking: /home/namqn_/git/RS1Group31/install/41068_ignition_bringup/share/41068_ignition_bringup/environment/path.dsv
[2.295s] -- Symlinking: /home/namqn_/git/RS1Group31/install/41068_ignition_bringup/share/41068_ignition_bringup/local_setup.bash
[2.302s] -- Symlinking: /home/namqn_/git/RS1Group31/install/41068_ignition_bringup/share/41068_ignition_bringup/local_setup.sh
[2.309s] -- Symlinking: /home/namqn_/git/RS1Group31/install/41068_ignition_bringup/share/41068_ignition_bringup/local_setup.zsh
[2.316s] -- Symlinking: /home/namqn_/git/RS1Group31/install/41068_ignition_bringup/share/41068_ignition_bringup/local_setup.dsv
[2.323s] -- Symlinking: /home/namqn_/git/RS1Group31/install/41068_ignition_bringup/share/41068_ignition_bringup/package.dsv
[2.331s] -- Symlinking: /home/namqn_/git/RS1Group31/install/41068_ignition_bringup/share/ament_index/resource_index/packages/41068_ignition_bringup
[2.338s] -- Symlinking: /home/namqn_/git/RS1Group31/install/41068_ignition_bringup/share/41068_ignition_bringup/cmake/41068_ignition_bringupConfig.cmake
[2.345s] -- Symlinking: /home/namqn_/git/RS1Group31/install/41068_ignition_bringup/share/41068_ignition_bringup/cmake/41068_ignition_bringupConfig-version.cmake
[2.355s] -- Symlinking: /home/namqn_/git/RS1Group31/install/41068_ignition_bringup/share/41068_ignition_bringup/package.xml
[2.364s] Invoked command in '/home/namqn_/git/RS1Group31/build/41068_ignition_bringup' returned '0': CMAKE_PREFIX_PATH=${CMAKE_PREFIX_PATH}:/opt/ros/humble /usr/bin/cmake --install /home/namqn_/git/RS1Group31/build/41068_ignition_bringup
